
=INFO REPORT==== 23-Nov-2014::22:40:17 ===
Starting Boss in development mode....

=INFO REPORT==== 23-Nov-2014::22:40:17 ===
Starting master services on 'pathFinder@ip-172-31-40-152'

=INFO REPORT==== 23-Nov-2014::22:40:17 ===
Loading routes from "/home/ec2-user/pathFinder/priv/pathFinder.routes" ....

=INFO REPORT==== 23-Nov-2014::22:49:51 ===
GET /titlelinks/path [pathFinder] 200 10ms

=INFO REPORT==== 23-Nov-2014::22:54:57 ===
GET /titlelinks/path [pathFinder] 200 7ms

=INFO REPORT==== 23-Nov-2014::22:55:15 ===
GET /titlelinks/path [pathFinder] 200 7ms

=ERROR REPORT==== 23-Nov-2014::22:55:32 ===
	module: misultin_http
	line: 708
error in custom loop: killed serving request: {req,#Port<0.7340>,http,
                                               {209,6,52,39},
                                               64798,undefined,keep_alive,
                                               undefined,
                                               {1,1},
                                               'GET',
                                               {abs_path,"/titlelinks/path"},
                                               "from=Soweto&to=Roodepoort",
                                               [{'Host',
                                                 "ec2-54-173-58-136.compute-1.amazonaws.com:8001"},
                                                {'Connection',"keep-alive"},
                                                {'Cache-Control',"max-age=0"},
                                                {'Accept',
                                                 "text/html,application/xhtml+xml,application/xml;q=0.9,image/webp,*/*;q=0.8"},
                                                {'User-Agent',
                                                 "Mozilla/5.0 (Macintosh; Intel Mac OS X 10_9_5) AppleWebKit/537.36 (KHTML, like Gecko) Chrome/38.0.2125.122 Safari/537.36"},
                                                {'Accept-Encoding',
                                                 "gzip,deflate,sdch"},
                                                {'Accept-Language',
                                                 "en-US,en;q=0.8"},
                                                {'Cookie',
                                                 "_boss_session=ce21e08252c3f7f8d0994f096108352ca1c07cd7"}],
                                               <<>>,false}

=ERROR REPORT==== 23-Nov-2014::22:56:31 ===
	module: misultin_http
	line: 708
error in custom loop: killed serving request: {req,#Port<0.7992>,http,
                                               {209,6,52,39},
                                               64937,undefined,keep_alive,
                                               undefined,
                                               {1,1},
                                               'GET',
                                               {abs_path,"/titlelinks/path"},
                                               "from=Soweto&to=Roodepoort",
                                               [{'Host',
                                                 "ec2-54-173-58-136.compute-1.amazonaws.com:8001"},
                                                {'Connection',"keep-alive"},
                                                {'Cache-Control',"max-age=0"},
                                                {'Accept',
                                                 "text/html,application/xhtml+xml,application/xml;q=0.9,image/webp,*/*;q=0.8"},
                                                {'User-Agent',
                                                 "Mozilla/5.0 (Macintosh; Intel Mac OS X 10_9_5) AppleWebKit/537.36 (KHTML, like Gecko) Chrome/38.0.2125.122 Safari/537.36"},
                                                {'Accept-Encoding',
                                                 "gzip,deflate,sdch"},
                                                {'Accept-Language',
                                                 "en-US,en;q=0.8"},
                                                {'Cookie',
                                                 "_boss_session=1ea551ebe75f0effec19e6742b59b41dce38f829"}],
                                               <<>>,false}

=ERROR REPORT==== 23-Nov-2014::22:56:50 ===
	module: misultin_http
	line: 708
error in custom loop: killed serving request: {req,#Port<0.8338>,http,
                                               {209,6,52,39},
                                               64947,undefined,keep_alive,
                                               undefined,
                                               {1,1},
                                               'GET',
                                               {abs_path,"/titlelinks/path"},
                                               "from=Soweto&to=Roodepoort",
                                               [{'Host',
                                                 "ec2-54-173-58-136.compute-1.amazonaws.com:8001"},
                                                {'Connection',"keep-alive"},
                                                {'Cache-Control',"max-age=0"},
                                                {'Accept',
                                                 "text/html,application/xhtml+xml,application/xml;q=0.9,image/webp,*/*;q=0.8"},
                                                {'User-Agent',
                                                 "Mozilla/5.0 (Macintosh; Intel Mac OS X 10_9_5) AppleWebKit/537.36 (KHTML, like Gecko) Chrome/38.0.2125.122 Safari/537.36"},
                                                {'Accept-Encoding',
                                                 "gzip,deflate,sdch"},
                                                {'Accept-Language',
                                                 "en-US,en;q=0.8"},
                                                {'Cookie',
                                                 "_boss_session=1ea551ebe75f0effec19e6742b59b41dce38f829"}],
                                               <<>>,false}
