
=INFO REPORT==== 17-Nov-2014::02:22:14 ===
Starting Boss in development mode....

=INFO REPORT==== 17-Nov-2014::02:22:14 ===
Starting master services on 'pathFinder@ip-172-31-40-152'

=INFO REPORT==== 17-Nov-2014::02:22:14 ===
Loading routes from "/home/ec2-user/pathFinder/priv/pathFinder.routes" ....

=ERROR REPORT==== 17-Nov-2014::02:22:18 ===
** Generic server <0.123.0> terminating 
** Last message in was {route,"/"}
** When Server state == {state,pathFinder,
                               ["pathFinder_greeting_controller"],
                               45083,49180}
** Reason for termination == 
** {'module could not be loaded',
       [{pathFinder_greeting_controller,module_info,[exports]},
        {boss_controller_lib,convert_params_to_tokens,3},
        {boss_router_controller,handle_call,3},
        {gen_server,handle_msg,5},
        {proc_lib,init_p_do_apply,3}]}

=ERROR REPORT==== 17-Nov-2014::02:22:18 ===
	module: misultin_http
	line: 708
error in custom loop: {{undef,
                           [{pathFinder_greeting_controller,module_info,
                                [exports]},
                            {boss_controller_lib,convert_params_to_tokens,3},
                            {boss_router_controller,handle_call,3},
                            {gen_server,handle_msg,5},
                            {proc_lib,init_p_do_apply,3}]},
                       {gen_server,call,[<0.123.0>,{route,"/"}]}} serving request: {req,
                                                                                    #Port<0.6332>,
                                                                                    http,
                                                                                    {130,
                                                                                     64,
                                                                                     161,
                                                                                     210},
                                                                                    63756,
                                                                                    undefined,
                                                                                    keep_alive,
                                                                                    undefined,
                                                                                    {1,
                                                                                     1},
                                                                                    'GET',
                                                                                    {abs_path,
                                                                                     "/"},
                                                                                    [],
                                                                                    [{'Host',
                                                                                      "ec2-54-173-58-136.compute-1.amazonaws.com:8001"},
                                                                                     {'Connection',
                                                                                      "keep-alive"},
                                                                                     {'Cache-Control',
                                                                                      "max-age=0"},
                                                                                     {'Accept',
                                                                                      "text/html,application/xhtml+xml,application/xml;q=0.9,image/webp,*/*;q=0.8"},
                                                                                     {'User-Agent',
                                                                                      "Mozilla/5.0 (Macintosh; Intel Mac OS X 10_9_5) AppleWebKit/537.36 (KHTML, like Gecko) Chrome/38.0.2125.122 Safari/537.36"},
                                                                                     {'Accept-Encoding',
                                                                                      "gzip,deflate,sdch"},
                                                                                     {'Accept-Language',
                                                                                      "en-US,en;q=0.8"},
                                                                                     {'Cookie',
                                                                                      "_boss_session=f9abe950d9bdef215585938e2d3d4d4b4d5ee48a"}],
                                                                                    <<>>,
                                                                                    false}

=INFO REPORT==== 17-Nov-2014::02:22:18 ===
Loading routes from "/home/ec2-user/pathFinder/priv/pathFinder.routes" ....

=ERROR REPORT==== 17-Nov-2014::02:22:29 ===
** Generic server <0.142.0> terminating 
** Last message in was {route,"/"}
** When Server state == {state,pathFinder,
                               ["pathFinder_greeting_controller"],
                               53276,57371}
** Reason for termination == 
** {'module could not be loaded',
       [{pathFinder_greeting_controller,module_info,[exports]},
        {boss_controller_lib,convert_params_to_tokens,3},
        {boss_router_controller,handle_call,3},
        {gen_server,handle_msg,5},
        {proc_lib,init_p_do_apply,3}]}

=ERROR REPORT==== 17-Nov-2014::02:22:29 ===
	module: misultin_http
	line: 708
error in custom loop: {{undef,
                           [{pathFinder_greeting_controller,module_info,
                                [exports]},
                            {boss_controller_lib,convert_params_to_tokens,3},
                            {boss_router_controller,handle_call,3},
                            {gen_server,handle_msg,5},
                            {proc_lib,init_p_do_apply,3}]},
                       {gen_server,call,[<0.142.0>,{route,"/"}]}} serving request: {req,
                                                                                    #Port<0.6332>,
                                                                                    http,
                                                                                    {130,
                                                                                     64,
                                                                                     161,
                                                                                     210},
                                                                                    63756,
                                                                                    undefined,
                                                                                    keep_alive,
                                                                                    undefined,
                                                                                    {1,
                                                                                     1},
                                                                                    'GET',
                                                                                    {abs_path,
                                                                                     "/"},
                                                                                    [],
                                                                                    [{'Host',
                                                                                      "ec2-54-173-58-136.compute-1.amazonaws.com:8001"},
                                                                                     {'Connection',
                                                                                      "keep-alive"},
                                                                                     {'Cache-Control',
                                                                                      "max-age=0"},
                                                                                     {'Accept',
                                                                                      "text/html,application/xhtml+xml,application/xml;q=0.9,image/webp,*/*;q=0.8"},
                                                                                     {'User-Agent',
                                                                                      "Mozilla/5.0 (Macintosh; Intel Mac OS X 10_9_5) AppleWebKit/537.36 (KHTML, like Gecko) Chrome/38.0.2125.122 Safari/537.36"},
                                                                                     {'Accept-Encoding',
                                                                                      "gzip,deflate,sdch"},
                                                                                     {'Accept-Language',
                                                                                      "en-US,en;q=0.8"},
                                                                                     {'Cookie',
                                                                                      "_boss_session=f9abe950d9bdef215585938e2d3d4d4b4d5ee48a"}],
                                                                                    <<>>,
                                                                                    false}

=INFO REPORT==== 17-Nov-2014::02:22:29 ===
Loading routes from "/home/ec2-user/pathFinder/priv/pathFinder.routes" ....

=INFO REPORT==== 17-Nov-2014::02:22:37 ===
GET /greeting/hello [pathFinder] 200 7ms

=ERROR REPORT==== 17-Nov-2014::02:22:44 ===
** Generic server <0.166.0> terminating 
** Last message in was {route,"/"}
** When Server state == {state,pathFinder,
                               ["pathFinder_greeting_controller"],
                               61467,65564}
** Reason for termination == 
** {'module could not be loaded',
       [{pathFinder_greeting_controller,module_info,[exports]},
        {boss_controller_lib,convert_params_to_tokens,3},
        {boss_router_controller,handle_call,3},
        {gen_server,handle_msg,5},
        {proc_lib,init_p_do_apply,3}]}

=ERROR REPORT==== 17-Nov-2014::02:22:44 ===
	module: misultin_http
	line: 708
error in custom loop: {{undef,
                           [{pathFinder_greeting_controller,module_info,
                                [exports]},
                            {boss_controller_lib,convert_params_to_tokens,3},
                            {boss_router_controller,handle_call,3},
                            {gen_server,handle_msg,5},
                            {proc_lib,init_p_do_apply,3}]},
                       {gen_server,call,[<0.166.0>,{route,"/"}]}} serving request: {req,
                                                                                    #Port<0.6332>,
                                                                                    http,
                                                                                    {130,
                                                                                     64,
                                                                                     161,
                                                                                     210},
                                                                                    63756,
                                                                                    undefined,
                                                                                    keep_alive,
                                                                                    undefined,
                                                                                    {1,
                                                                                     1},
                                                                                    'GET',
                                                                                    {abs_path,
                                                                                     "/"},
                                                                                    [],
                                                                                    [{'Host',
                                                                                      "ec2-54-173-58-136.compute-1.amazonaws.com:8001"},
                                                                                     {'Connection',
                                                                                      "keep-alive"},
                                                                                     {'Accept',
                                                                                      "text/html,application/xhtml+xml,application/xml;q=0.9,image/webp,*/*;q=0.8"},
                                                                                     {'User-Agent',
                                                                                      "Mozilla/5.0 (Macintosh; Intel Mac OS X 10_9_5) AppleWebKit/537.36 (KHTML, like Gecko) Chrome/38.0.2125.122 Safari/537.36"},
                                                                                     {'Accept-Encoding',
                                                                                      "gzip,deflate,sdch"},
                                                                                     {'Accept-Language',
                                                                                      "en-US,en;q=0.8"},
                                                                                     {'Cookie',
                                                                                      "_boss_session=3d6777c8b5e775b8a890167e62c494e3af0892ed"}],
                                                                                    <<>>,
                                                                                    false}

=INFO REPORT==== 17-Nov-2014::02:22:44 ===
Loading routes from "/home/ec2-user/pathFinder/priv/pathFinder.routes" ....
