
=INFO REPORT==== 17-Nov-2014::02:24:05 ===
Starting Boss in development mode....

=INFO REPORT==== 17-Nov-2014::02:24:05 ===
Starting master services on 'pathFinder@ip-172-31-40-152'

=INFO REPORT==== 17-Nov-2014::02:24:06 ===
Loading routes from "/home/ec2-user/pathFinder/priv/pathFinder.routes" ....

=ERROR REPORT==== 17-Nov-2014::02:24:10 ===
** Generic server <0.123.0> terminating 
** Last message in was {route,"/ham"}
** When Server state == {state,pathFinder,
                               ["pathFinder_greeting_controller"],
                               45083,49180}
** Reason for termination == 
** {'module could not be loaded',
       [{pathFinder_greeting_controller,module_info,[exports]},
        {boss_controller_lib,convert_params_to_tokens,3},
        {boss_router_controller,handle_call,3},
        {gen_server,handle_msg,5},
        {proc_lib,init_p_do_apply,3}]}

=ERROR REPORT==== 17-Nov-2014::02:24:10 ===
	module: misultin_http
	line: 708
error in custom loop: {{undef,
                           [{pathFinder_greeting_controller,module_info,
                                [exports]},
                            {boss_controller_lib,convert_params_to_tokens,3},
                            {boss_router_controller,handle_call,3},
                            {gen_server,handle_msg,5},
                            {proc_lib,init_p_do_apply,3}]},
                       {gen_server,call,[<0.123.0>,{route,"/ham"}]}} serving request: {req,
                                                                                       #Port<0.6332>,
                                                                                       http,
                                                                                       {130,
                                                                                        64,
                                                                                        161,
                                                                                        210},
                                                                                       63761,
                                                                                       undefined,
                                                                                       keep_alive,
                                                                                       undefined,
                                                                                       {1,
                                                                                        1},
                                                                                       'GET',
                                                                                       {abs_path,
                                                                                        "/ham"},
                                                                                       [],
                                                                                       [{'Host',
                                                                                         "ec2-54-173-58-136.compute-1.amazonaws.com:8001"},
                                                                                        {'Connection',
                                                                                         "keep-alive"},
                                                                                        {'Accept',
                                                                                         "text/html,application/xhtml+xml,application/xml;q=0.9,image/webp,*/*;q=0.8"},
                                                                                        {'User-Agent',
                                                                                         "Mozilla/5.0 (Macintosh; Intel Mac OS X 10_9_5) AppleWebKit/537.36 (KHTML, like Gecko) Chrome/38.0.2125.122 Safari/537.36"},
                                                                                        {'Accept-Encoding',
                                                                                         "gzip,deflate,sdch"},
                                                                                        {'Accept-Language',
                                                                                         "en-US,en;q=0.8"},
                                                                                        {'Cookie',
                                                                                         "_boss_session=3d6777c8b5e775b8a890167e62c494e3af0892ed"}],
                                                                                       <<>>,
                                                                                       false}

=INFO REPORT==== 17-Nov-2014::02:24:10 ===
Loading routes from "/home/ec2-user/pathFinder/priv/pathFinder.routes" ....
