
=INFO REPORT==== 23-Nov-2014::19:32:26 ===
Starting Boss in development mode....

=INFO REPORT==== 23-Nov-2014::19:32:26 ===
Starting master services on 'pathFinder@ip-172-31-40-152'

=INFO REPORT==== 23-Nov-2014::19:32:26 ===
Loading routes from "/home/ec2-user/pathFinder/priv/pathFinder.routes" ....

=ERROR REPORT==== 23-Nov-2014::19:33:04 ===
	module: misultin_http
	line: 708
error in custom loop: killed serving request: {req,#Port<0.7340>,http,
                                               {209,6,52,39},
                                               62992,undefined,keep_alive,
                                               undefined,
                                               {1,1},
                                               'GET',
                                               {abs_path,"/titlelinks/path"},
                                               "to=Ama-elementhi&from=Ama-elementhi",
                                               [{'Host',
                                                 "ec2-54-173-58-136.compute-1.amazonaws.com:8001"},
                                                {'Connection',"keep-alive"},
                                                {'Accept',
                                                 "text/html,application/xhtml+xml,application/xml;q=0.9,image/webp,*/*;q=0.8"},
                                                {'User-Agent',
                                                 "Mozilla/5.0 (Macintosh; Intel Mac OS X 10_9_5) AppleWebKit/537.36 (KHTML, like Gecko) Chrome/38.0.2125.122 Safari/537.36"},
                                                {'Referer',
                                                 "http://l.facebook.com/lsr.php?u=http%3A%2F%2Fec2-54-173-58-136.compute-1.amazonaws.com%3A8001%2Ftitlelinks%2Fpath%3Fto%3DAma-elementhi%26from%3DAma-elementhi&ext=1416771221&hash=Acny115nC4QVRrfpSP05wgXEswBJvN-p0rP8xtIA8NBNJQ"},
                                                {'Accept-Encoding',
                                                 "gzip,deflate,sdch"},
                                                {'Accept-Language',
                                                 "en-US,en;q=0.8"},
                                                {'Cookie',
                                                 "_boss_session=94010defc43f7c55be0bd46ce53d9aca365cd5e1"}],
                                               <<>>,false}

=INFO REPORT==== 23-Nov-2014::19:33:06 ===
GET /titlelinks/list [pathFinder] 200 2022ms

=ERROR REPORT==== 23-Nov-2014::19:33:25 ===
	module: misultin_http
	line: 708
error in custom loop: killed serving request: {req,#Port<0.7529>,http,
                                               {209,6,52,39},
                                               62996,undefined,keep_alive,
                                               undefined,
                                               {1,1},
                                               'GET',
                                               {abs_path,"/titlelinks/path"},
                                               "to=Ama-elementhi&from=Ama-elementhi",
                                               [{'Host',
                                                 "ec2-54-173-58-136.compute-1.amazonaws.com:8001"},
                                                {'Connection',"keep-alive"},
                                                {'Accept',
                                                 "text/html,application/xhtml+xml,application/xml;q=0.9,image/webp,*/*;q=0.8"},
                                                {'User-Agent',
                                                 "Mozilla/5.0 (Macintosh; Intel Mac OS X 10_9_5) AppleWebKit/537.36 (KHTML, like Gecko) Chrome/38.0.2125.122 Safari/537.36"},
                                                {'Accept-Encoding',
                                                 "gzip,deflate,sdch"},
                                                {'Accept-Language',
                                                 "en-US,en;q=0.8"},
                                                {'Cookie',
                                                 "_boss_session=94010defc43f7c55be0bd46ce53d9aca365cd5e1"}],
                                               <<>>,false}

=INFO REPORT==== 23-Nov-2014::19:34:04 ===
GET /titlelinks/list [pathFinder] 200 2074ms

=ERROR REPORT==== 23-Nov-2014::19:34:34 ===
	module: misultin_http
	line: 708
error in custom loop: killed serving request: {req,#Port<0.7542>,http,
                                               {209,6,52,39},
                                               63000,undefined,keep_alive,
                                               undefined,
                                               {1,1},
                                               'GET',
                                               {abs_path,"/titlelinks/path"},
                                               "to=Michael_Jackson&from=1958",
                                               [{'Host',
                                                 "ec2-54-173-58-136.compute-1.amazonaws.com:8001"},
                                                {'Connection',"keep-alive"},
                                                {'Accept',
                                                 "text/html,application/xhtml+xml,application/xml;q=0.9,image/webp,*/*;q=0.8"},
                                                {'User-Agent',
                                                 "Mozilla/5.0 (Macintosh; Intel Mac OS X 10_9_5) AppleWebKit/537.36 (KHTML, like Gecko) Chrome/38.0.2125.122 Safari/537.36"},
                                                {'Accept-Encoding',
                                                 "gzip,deflate,sdch"},
                                                {'Accept-Language',
                                                 "en-US,en;q=0.8"},
                                                {'Cookie',
                                                 "_boss_session=de89b9a78e71d97a425d21a919e166044d9532ed"}],
                                               <<>>,false}
