
=INFO REPORT==== 23-Nov-2014::21:46:27 ===
Starting Boss in development mode....

=INFO REPORT==== 23-Nov-2014::21:46:28 ===
Starting master services on 'pathFinder@ip-172-31-40-152'

=INFO REPORT==== 23-Nov-2014::21:46:28 ===
Loading routes from "/home/ec2-user/pathFinder/priv/pathFinder.routes" ....

=ERROR REPORT==== 23-Nov-2014::21:49:33 ===
	module: misultin_http
	line: 708
error in custom loop: killed serving request: {req,#Port<0.7351>,http,
                                               {209,6,52,39},
                                               64327,undefined,keep_alive,
                                               undefined,
                                               {1,1},
                                               'GET',
                                               {abs_path,"/titlelinks/path"},
                                               "to=Michael_Schumacher&from=1969",
                                               [{'Host',
                                                 "ec2-54-173-58-136.compute-1.amazonaws.com:8001"},
                                                {'Connection',"keep-alive"},
                                                {'Cache-Control',"max-age=0"},
                                                {'Accept',
                                                 "text/html,application/xhtml+xml,application/xml;q=0.9,image/webp,*/*;q=0.8"},
                                                {'User-Agent',
                                                 "Mozilla/5.0 (Macintosh; Intel Mac OS X 10_9_5) AppleWebKit/537.36 (KHTML, like Gecko) Chrome/38.0.2125.122 Safari/537.36"},
                                                {'Accept-Encoding',
                                                 "gzip,deflate,sdch"},
                                                {'Accept-Language',
                                                 "en-US,en;q=0.8"},
                                                {'Cookie',
                                                 "_boss_session=a8930921b9f81c8fd6b2d89ec2560f414193a92d"}],
                                               <<>>,false}

=ERROR REPORT==== 23-Nov-2014::21:50:17 ===
	module: misultin_http
	line: 708
error in custom loop: killed serving request: {req,#Port<0.7649>,http,
                                               {209,6,52,39},
                                               64328,undefined,keep_alive,
                                               undefined,
                                               {1,1},
                                               'GET',
                                               {abs_path,"/titlelinks/path"},
                                               "to=Michael_Schumacher&from=1969",
                                               [{'Host',
                                                 "ec2-54-173-58-136.compute-1.amazonaws.com:8001"},
                                                {'Connection',"keep-alive"},
                                                {'Cache-Control',"max-age=0"},
                                                {'Accept',
                                                 "text/html,application/xhtml+xml,application/xml;q=0.9,image/webp,*/*;q=0.8"},
                                                {'User-Agent',
                                                 "Mozilla/5.0 (Macintosh; Intel Mac OS X 10_9_5) AppleWebKit/537.36 (KHTML, like Gecko) Chrome/38.0.2125.122 Safari/537.36"},
                                                {'Accept-Encoding',
                                                 "gzip,deflate,sdch"},
                                                {'Accept-Language',
                                                 "en-US,en;q=0.8"},
                                                {'Cookie',
                                                 "_boss_session=a8930921b9f81c8fd6b2d89ec2560f414193a92d"}],
                                               <<>>,false}

=INFO REPORT==== 23-Nov-2014::21:52:17 ===
GET /titlelinks/path [pathFinder] 200 9ms

=ERROR REPORT==== 23-Nov-2014::21:52:17 ===
	module: misultin_http
	line: 708
error in custom loop: killed serving request: {req,#Port<0.7662>,http,
                                               {209,6,52,39},
                                               64421,undefined,keep_alive,
                                               undefined,
                                               {1,1},
                                               'GET',
                                               {abs_path,"/titlelinks/path"},
                                               "to=Michael_Schumacher&from=1969",
                                               [{'Host',
                                                 "ec2-54-173-58-136.compute-1.amazonaws.com:8001"},
                                                {'Connection',"keep-alive"},
                                                {'Cache-Control',"max-age=0"},
                                                {'Accept',
                                                 "text/html,application/xhtml+xml,application/xml;q=0.9,image/webp,*/*;q=0.8"},
                                                {'User-Agent',
                                                 "Mozilla/5.0 (Macintosh; Intel Mac OS X 10_9_5) AppleWebKit/537.36 (KHTML, like Gecko) Chrome/38.0.2125.122 Safari/537.36"},
                                                {'Accept-Encoding',
                                                 "gzip,deflate,sdch"},
                                                {'Accept-Language',
                                                 "en-US,en;q=0.8"},
                                                {'Cookie',
                                                 "_boss_session=a8930921b9f81c8fd6b2d89ec2560f414193a92d"}],
                                               <<>>,false}

=ERROR REPORT==== 23-Nov-2014::21:52:30 ===
	module: misultin_http
	line: 708
error in custom loop: killed serving request: {req,#Port<0.7881>,http,
                                               {209,6,52,39},
                                               64427,undefined,keep_alive,
                                               undefined,
                                               {1,1},
                                               'GET',
                                               {abs_path,"/titlelinks/path"},
                                               "to=Michael_Schumacher&from=1969",
                                               [{'Host',
                                                 "ec2-54-173-58-136.compute-1.amazonaws.com:8001"},
                                                {'Connection',"keep-alive"},
                                                {'Cache-Control',"max-age=0"},
                                                {'Accept',
                                                 "text/html,application/xhtml+xml,application/xml;q=0.9,image/webp,*/*;q=0.8"},
                                                {'User-Agent',
                                                 "Mozilla/5.0 (Macintosh; Intel Mac OS X 10_9_5) AppleWebKit/537.36 (KHTML, like Gecko) Chrome/38.0.2125.122 Safari/537.36"},
                                                {'Accept-Encoding',
                                                 "gzip,deflate,sdch"},
                                                {'Accept-Language',
                                                 "en-US,en;q=0.8"},
                                                {'Cookie',
                                                 "_boss_session=a8930921b9f81c8fd6b2d89ec2560f414193a92d"}],
                                               <<>>,false}

=ERROR REPORT==== 23-Nov-2014::21:54:59 ===
	module: misultin_http
	line: 708
error in custom loop: killed serving request: {req,#Port<0.7895>,http,
                                               {209,6,52,39},
                                               64431,undefined,keep_alive,
                                               undefined,
                                               {1,1},
                                               'GET',
                                               {abs_path,"/titlelinks/path"},
                                               "to=Michael_Schumacher&from=1969",
                                               [{'Host',
                                                 "ec2-54-173-58-136.compute-1.amazonaws.com:8001"},
                                                {'Connection',"keep-alive"},
                                                {'Cache-Control',"max-age=0"},
                                                {'Accept',
                                                 "text/html,application/xhtml+xml,application/xml;q=0.9,image/webp,*/*;q=0.8"},
                                                {'User-Agent',
                                                 "Mozilla/5.0 (Macintosh; Intel Mac OS X 10_9_5) AppleWebKit/537.36 (KHTML, like Gecko) Chrome/38.0.2125.122 Safari/537.36"},
                                                {'Accept-Encoding',
                                                 "gzip,deflate,sdch"},
                                                {'Accept-Language',
                                                 "en-US,en;q=0.8"},
                                                {'Cookie',
                                                 "_boss_session=4bcab43c87590801ffff220015661dff71d787c0"}],
                                               <<>>,false}

=ERROR REPORT==== 23-Nov-2014::21:56:32 ===
	module: misultin_http
	line: 708
error in custom loop: killed serving request: {req,#Port<0.8350>,http,
                                               {209,6,52,39},
                                               64447,undefined,keep_alive,
                                               undefined,
                                               {1,1},
                                               'GET',
                                               {abs_path,"/titlelinks/path"},
                                               "to=Michael_Schumacher&from=1969",
                                               [{'Host',
                                                 "ec2-54-173-58-136.compute-1.amazonaws.com:8001"},
                                                {'Connection',"keep-alive"},
                                                {'Cache-Control',"max-age=0"},
                                                {'Accept',
                                                 "text/html,application/xhtml+xml,application/xml;q=0.9,image/webp,*/*;q=0.8"},
                                                {'User-Agent',
                                                 "Mozilla/5.0 (Macintosh; Intel Mac OS X 10_9_5) AppleWebKit/537.36 (KHTML, like Gecko) Chrome/38.0.2125.122 Safari/537.36"},
                                                {'Accept-Encoding',
                                                 "gzip,deflate,sdch"},
                                                {'Accept-Language',
                                                 "en-US,en;q=0.8"},
                                                {'Cookie',
                                                 "_boss_session=4bcab43c87590801ffff220015661dff71d787c0"}],
                                               <<>>,false}

=ERROR REPORT==== 23-Nov-2014::21:57:49 ===
	module: misultin_http
	line: 708
error in custom loop: killed serving request: {req,#Port<0.8352>,http,
                                               {209,6,52,39},
                                               64446,undefined,keep_alive,
                                               undefined,
                                               {1,1},
                                               'GET',
                                               {abs_path,"/titlelinks/path"},
                                               "to=Michael_Schumacher&from=1969",
                                               [{'Host',
                                                 "ec2-54-173-58-136.compute-1.amazonaws.com:8001"},
                                                {'Connection',"keep-alive"},
                                                {'Pragma',"no-cache"},
                                                {'Cache-Control',"no-cache"},
                                                {'Accept',
                                                 "text/html,application/xhtml+xml,application/xml;q=0.9,image/webp,*/*;q=0.8"},
                                                {'User-Agent',
                                                 "Mozilla/5.0 (Macintosh; Intel Mac OS X 10_9_5) AppleWebKit/537.36 (KHTML, like Gecko) Chrome/38.0.2125.122 Safari/537.36"},
                                                {'Accept-Encoding',
                                                 "gzip,deflate,sdch"},
                                                {'Accept-Language',
                                                 "en-US,en;q=0.8"},
                                                {'Cookie',
                                                 "_boss_session=4bcab43c87590801ffff220015661dff71d787c0"}],
                                               <<>>,false}

=ERROR REPORT==== 23-Nov-2014::21:57:49 ===
	module: misultin_http
	line: 708
error in custom loop: killed serving request: {req,#Port<0.8578>,http,
                                               {209,6,52,39},
                                               64452,undefined,keep_alive,
                                               undefined,
                                               {1,1},
                                               'GET',
                                               {abs_path,"/titlelinks/path"},
                                               "to=Michael_Schumacher&from=1969",
                                               [{'Host',
                                                 "ec2-54-173-58-136.compute-1.amazonaws.com:8001"},
                                                {'Connection',"keep-alive"},
                                                {'Pragma',"no-cache"},
                                                {'Cache-Control',"no-cache"},
                                                {'Accept',
                                                 "text/html,application/xhtml+xml,application/xml;q=0.9,image/webp,*/*;q=0.8"},
                                                {'User-Agent',
                                                 "Mozilla/5.0 (Macintosh; Intel Mac OS X 10_9_5) AppleWebKit/537.36 (KHTML, like Gecko) Chrome/38.0.2125.122 Safari/537.36"},
                                                {'Accept-Encoding',
                                                 "gzip,deflate,sdch"},
                                                {'Accept-Language',
                                                 "en-US,en;q=0.8"},
                                                {'Cookie',
                                                 "_boss_session=4bcab43c87590801ffff220015661dff71d787c0"}],
                                               <<>>,false}
